Using pre-set license
Built from '2021.1/staging' branch; Version is '2021.1.21f1 (f2d5d3c59f8c) revision 15914451'; Using compiler version '192528614'; Build Type 'Release'
OS: 'Windows 10 Home; OS build 19042.1288; Version 2009; 64bit' Language: 'ja' Physical Memory: 7778 MB
BatchMode: 1, IsHumanControllingUs: 0, StartBugReporterOnCrash: 0, Is64bit: 1, IsPro: 0

COMMAND LINE ARGUMENTS:
C:\Program Files\Unity\Hub\Editor\2021.1.21f1\Editor\Unity.exe
-adb2
-batchMode
-noUpm
-name
AssetImportWorker0
-projectPath
C:/Users/iniad/Documents/GitHub/kitchen_game2/KITchen_game_run
-logFile
Logs/AssetImportWorker0.log
-srvPort
63799
Successfully changed project path to: C:/Users/iniad/Documents/GitHub/kitchen_game2/KITchen_game_run
C:/Users/iniad/Documents/GitHub/kitchen_game2/KITchen_game_run
Using Asset Import Pipeline V2.
Refreshing native plugins compatible for Editor in 328.68 ms, found 4 plugins.
Preloading 0 native plugins for Editor in 0.00 ms.
Initialize engine version: 2021.1.21f1 (f2d5d3c59f8c)
[Subsystems] Discovering subsystems at path C:/Program Files/Unity/Hub/Editor/2021.1.21f1/Editor/Data/Resources/UnitySubsystems
[Subsystems] Discovering subsystems at path C:/Users/iniad/Documents/GitHub/kitchen_game2/KITchen_game_run/Assets
GfxDevice: creating device client; threaded=0; jobified=0
Direct3D:
    Version:  Direct3D 11.0 [level 11.1]
    Renderer: Intel(R) Iris(R) Plus Graphics (ID=0x8a52)
    Vendor:   Intel
    VRAM:     3889 MB
    Driver:   27.20.100.9621
Initialize mono
Mono path[0] = 'C:/Program Files/Unity/Hub/Editor/2021.1.21f1/Editor/Data/Managed'
Mono path[1] = 'C:/Program Files/Unity/Hub/Editor/2021.1.21f1/Editor/Data/MonoBleedingEdge/lib/mono/unityjit'
Mono config path = 'C:/Program Files/Unity/Hub/Editor/2021.1.21f1/Editor/Data/MonoBleedingEdge/etc'
Using monoOptions --debugger-agent=transport=dt_socket,embedding=1,server=y,suspend=n,address=127.0.0.1:56532
Begin MonoManager ReloadAssembly
Registering precompiled unity dll's ...
Register platform support module: C:/Program Files/Unity/Hub/Editor/2021.1.21f1/Editor/Data/PlaybackEngines/WindowsStandaloneSupport/UnityEditor.WindowsStandalone.Extensions.dll
Registered in 0.005843 seconds.
Native extension for WindowsStandalone target not found
Refreshing native plugins compatible for Editor in 351.54 ms, found 4 plugins.
Preloading 0 native plugins for Editor in 0.00 ms.
Mono: successfully reloaded assembly
- Completed reload, in  3.809 seconds
Domain Reload Profiling:
	ReloadAssembly (3810ms)
		BeginReloadAssembly (177ms)
			ExecutionOrderSort (0ms)
			DisableScriptedObjects (0ms)
			BackupInstance (0ms)
			ReleaseScriptingObjects (0ms)
			CreateAndSetChildDomain (2ms)
		EndReloadAssembly (1533ms)
			LoadAssemblies (171ms)
			RebuildTransferFunctionScriptingTraits (0ms)
			SetupTypeCache (494ms)
			ReleaseScriptCaches (0ms)
			RebuildScriptCaches (95ms)
			SetupLoadedEditorAssemblies (796ms)
				LogAssemblyErrors (0ms)
				InitializePlatformSupportModulesInManaged (20ms)
				SetLoadedEditorAssemblies (1ms)
				RefreshPlugins (352ms)
				BeforeProcessingInitializeOnLoad (4ms)
				ProcessInitializeOnLoadAttributes (321ms)
				ProcessInitializeOnLoadMethodAttributes (98ms)
				AfterProcessingInitializeOnLoad (0ms)
				EditorAssembliesLoaded (1ms)
			ExecutionOrderSort2 (0ms)
			AwakeInstancesAfterBackupRestoration (0ms)
Platform modules already initialized, skipping
Registering precompiled user dll's ...
Registered in 0.014672 seconds.
Begin MonoManager ReloadAssembly
Symbol file LoadedFromMemory doesn't match image C:\Users\iniad\Documents\GitHub\kitchen_game2\KITchen_game_run\Library\PackageCache\com.unity.visualscripting@1.6.1\Editor\VisualScripting.Core\Dependencies\YamlDotNet\Unity.VisualScripting.YamlDotNet.dll
Symbol file LoadedFromMemory doesn't match image C:\Users\iniad\Documents\GitHub\kitchen_game2\KITchen_game_run\Library\PackageCache\com.unity.visualscripting@1.6.1\Editor\VisualScripting.Core\Dependencies\DotNetZip\Unity.VisualScripting.IonicZip.dll
Native extension for WindowsStandalone target not found
Refreshing native plugins compatible for Editor in 329.21 ms, found 4 plugins.
Preloading 0 native plugins for Editor in 0.00 ms.
Mono: successfully reloaded assembly
- Completed reload, in  3.715 seconds
Domain Reload Profiling:
	ReloadAssembly (3716ms)
		BeginReloadAssembly (424ms)
			ExecutionOrderSort (0ms)
			DisableScriptedObjects (11ms)
			BackupInstance (0ms)
			ReleaseScriptingObjects (0ms)
			CreateAndSetChildDomain (56ms)
		EndReloadAssembly (3105ms)
			LoadAssemblies (250ms)
			RebuildTransferFunctionScriptingTraits (0ms)
			SetupTypeCache (993ms)
			ReleaseScriptCaches (1ms)
			RebuildScriptCaches (159ms)
			SetupLoadedEditorAssemblies (1391ms)
				LogAssemblyErrors (0ms)
				InitializePlatformSupportModulesInManaged (12ms)
				SetLoadedEditorAssemblies (1ms)
				RefreshPlugins (329ms)
				BeforeProcessingInitializeOnLoad (275ms)
				ProcessInitializeOnLoadAttributes (723ms)
				ProcessInitializeOnLoadMethodAttributes (39ms)
				AfterProcessingInitializeOnLoad (11ms)
				EditorAssembliesLoaded (1ms)
			ExecutionOrderSort2 (0ms)
			AwakeInstancesAfterBackupRestoration (22ms)
Platform modules already initialized, skipping
========================================================================
Worker process is ready to serve import requests
Launched and connected shader compiler UnityShaderCompiler.exe after 0.12 seconds
Refreshing native plugins compatible for Editor in 1.60 ms, found 4 plugins.
Preloading 0 native plugins for Editor in 0.00 ms.
Unloading 3734 Unused Serialized files (Serialized files now loaded: 0)
System memory in use before: 143.0 MB.
System memory in use after: 143.2 MB.

Unloading 30 unused Assets to reduce memory usage. Loaded Objects now: 4186.
Total: 8.681500 ms (FindLiveObjects: 0.418500 ms CreateObjectMapping: 0.282400 ms MarkObjects: 7.795700 ms  DeleteObjects: 0.182700 ms)

AssetImportParameters requested are different than current active one (requested -> active):
  custom:framework-win-MediaFoundation: 216162199b28c13a410421893ffa2e32 -> 
  custom:video-decoder-ogg-theora: a1e56fd34408186e4bbccfd4996cb3dc -> 
  custom:container-muxer-webm: aa71ff27fc2769a1b78a27578f13a17b -> 
  custom:container-demuxer-webm: 4f35f7cbe854078d1ac9338744f61a02 -> 
  custom:container-demuxer-ogg: 62fdf1f143b41e24485cea50d1cbac27 -> 
  custom:video-encoder-webm-vp8: eb34c28f22e8b96e1ab97ce403110664 -> 
  custom:video-codec-MediaFoundation-h265: 746d11721c4dcdbdad8f713fa42b33f4 -> 
  custom:video-decoder-webm-vp8: 9c59270c3fd7afecdb556c50c9e8de78 -> 
  custom:audio-decoder-ogg-vorbis: bf7c407c2cedff20999df2af8eb42d56 -> 
  custom:audio-encoder-webm-vorbis: bf7c407c2cedff20999df2af8eb42d56 -> 
========================================================================
Received Import Request.
  path: Assets/Stage/s2_L.prefab
  artifactKey: Guid(09f5def8b58014b35a12f88fe4ee8735) Importer(815301076,1909f56bfc062723c751e8b465ee728b)
Start importing Assets/Stage/s2_L.prefab using Guid(09f5def8b58014b35a12f88fe4ee8735) Importer(815301076,1909f56bfc062723c751e8b465ee728b)  -> (artifact id: '13b042070eec7da9daeb556e7655b2de') in 0.423170 seconds 
========================================================================
Received Import Request.
  Time since last request: 0.000616 seconds.
  path: Assets/Stage/tutorial_L.prefab
  artifactKey: Guid(4d7e95fec08a24553bbaee5a8aacc459) Importer(815301076,1909f56bfc062723c751e8b465ee728b)
Start importing Assets/Stage/tutorial_L.prefab using Guid(4d7e95fec08a24553bbaee5a8aacc459) Importer(815301076,1909f56bfc062723c751e8b465ee728b)  -> (artifact id: 'cbf7f885b8311a68e8eee27dd7a398a9') in 0.408237 seconds 
========================================================================
Received Import Request.
  Time since last request: 0.000497 seconds.
  path: Assets/Stage/tutorial_R.prefab
  artifactKey: Guid(b5eb3fb84ab6d463b858f0db885ea119) Importer(815301076,1909f56bfc062723c751e8b465ee728b)
Start importing Assets/Stage/tutorial_R.prefab using Guid(b5eb3fb84ab6d463b858f0db885ea119) Importer(815301076,1909f56bfc062723c751e8b465ee728b)  -> (artifact id: '5b4e392aa2ccd11423008ec01a5eb09c') in 0.633644 seconds 
========================================================================
Received Import Request.
  Time since last request: 154.371637 seconds.
  path: Assets/Stage/s10_R.prefab
  artifactKey: Guid(e6ddded6587d0c54a80c169f2179f5c5) Importer(815301076,1909f56bfc062723c751e8b465ee728b)
Start importing Assets/Stage/s10_R.prefab using Guid(e6ddded6587d0c54a80c169f2179f5c5) Importer(815301076,1909f56bfc062723c751e8b465ee728b)  -> (artifact id: '8f620298cbc06124e6a803f69b1d981b') in 0.910125 seconds 
========================================================================
Received Import Request.
  Time since last request: 13.344476 seconds.
  path: Assets/Stage/s11_R.prefab
  artifactKey: Guid(351a702b4548f394895996251c2d8c63) Importer(815301076,1909f56bfc062723c751e8b465ee728b)
Start importing Assets/Stage/s11_R.prefab using Guid(351a702b4548f394895996251c2d8c63) Importer(815301076,1909f56bfc062723c751e8b465ee728b)  -> (artifact id: '5a9e10e5970bf6374293203fda291c92') in 0.717490 seconds 
========================================================================
Received Import Request.
  Time since last request: 23.309592 seconds.
  path: Assets/Stage/s12_R.prefab
  artifactKey: Guid(1f68f88f63d5a7d46a908ee1d0d762d6) Importer(815301076,1909f56bfc062723c751e8b465ee728b)
Start importing Assets/Stage/s12_R.prefab using Guid(1f68f88f63d5a7d46a908ee1d0d762d6) Importer(815301076,1909f56bfc062723c751e8b465ee728b)  -> (artifact id: '84bc941f914adf3ce88f3ba205dd7c52') in 0.857313 seconds 
========================================================================
Received Import Request.
  Time since last request: 6.798406 seconds.
  path: Assets/Stage/s13_R.prefab
  artifactKey: Guid(5c1aee6109aa6974b9175211af9c5dac) Importer(815301076,1909f56bfc062723c751e8b465ee728b)
Start importing Assets/Stage/s13_R.prefab using Guid(5c1aee6109aa6974b9175211af9c5dac) Importer(815301076,1909f56bfc062723c751e8b465ee728b)  -> (artifact id: '637f8c310ffd470a402f4b239811a0a7') in 0.739239 seconds 
========================================================================
Received Import Request.
  Time since last request: 6.173691 seconds.
  path: Assets/Stage/s14_R.prefab
  artifactKey: Guid(8eec681cfcf45b044b601af145cc51f7) Importer(815301076,1909f56bfc062723c751e8b465ee728b)
Start importing Assets/Stage/s14_R.prefab using Guid(8eec681cfcf45b044b601af145cc51f7) Importer(815301076,1909f56bfc062723c751e8b465ee728b)  -> (artifact id: 'dccdb9a2712dcfc2b43a3adcac795a6d') in 0.947143 seconds 
AssetImportWorkerClient::OnTransportError - code=2 error=End of file
